<?xml version="1.0" encoding="UTF-8"?>
<!-- Generated by org.testng.reporters.JUnitReportReporter -->
<testsuite hostname="DESKTOP-VHPHUTC" failures="0" tests="1" name="com.demoqa.tests.LoginTests" time="4.093" errors="0" timestamp="2024-12-09T09:58:44 CET" skipped="0">
  <testcase classname="com.demoqa.tests.LoginTests" name="loginPositiveTest" time="4.093"/>
</testsuite> <!-- com.demoqa.tests.LoginTests -->
