<?xml version="1.0" encoding="UTF-8"?>
<!-- Generated by org.testng.reporters.JUnitReportReporter -->
<testsuite hostname="DESKTOP-VHPHUTC" failures="0" tests="1" name="com.demoqa.tests.SearchBookTests" time="2.427" errors="0" timestamp="2024-12-09T09:58:44 CET" skipped="0">
  <testcase classname="com.demoqa.tests.SearchBookTests" name="searchBookPositiveTest" time="2.427"/>
</testsuite> <!-- com.demoqa.tests.SearchBookTests -->
